<?xml version="1.0" encoding="UTF-8"?>
<testsuite xmlns:xsi="http://www.w3.org/2001/XMLSchema-instance" xsi:noNamespaceSchemaLocation="https://maven.apache.org/surefire/maven-surefire-plugin/xsd/surefire-test-report-3.0.xsd" version="3.0" name="com.dh.testServiceOdontologos.OdontologoServiceTest" time="0.235" tests="2" errors="0" skipped="0" failures="0">
  <properties>
[...]
</properties>
  <testcase name="buscarTodosLosOdontologos" classname="com.dh.testServiceOdontologos.OdontologoServiceTest" time="0.031">
    <system-out><![CDATA[[2022-06-05 22:58:54] [ INFO ] [OdontologoDAOH2:60] Se comienza una operacion de busqueda de todos los registros de la tabla ODONTOLOGOS
[2022-06-05 22:58:54] [ INFO ] [OdontologoServiceTest:71] ID: 1 Nombre: Jairo Matricula: 1598
[2022-06-05 22:58:54] [ INFO ] [OdontologoServiceTest:71] ID: 2 Nombre: Miranda Matricula: 1785
[2022-06-05 22:58:54] [ INFO ] [OdontologoServiceTest:71] ID: 3 Nombre: Antonio Matricula: 152
]]></system-out>
  </testcase>
  <testcase name="guardarOdontologo" classname="com.dh.testServiceOdontologos.OdontologoServiceTest" time="0">
    <system-out><![CDATA[[2022-06-05 22:58:54] [ INFO ] [OdontologoDAOH2:21] Se comienza una operacion de guardado
[2022-06-05 22:58:54] [ INFO ] [OdontologoServiceTest:35] Se comienza una busqueda para validar si el registro guardado se encuentra en la tabla
]]></system-out>
  </testcase>
</testsuite>