{"C:\\Users\\user\\Desktop\\Digital House\\Bimester_2\\Exercises\\testing_1\\C11 - Integradora Unit Testing\\funcionalidad.js": {"path":"C:\\Users\\user\\Desktop\\Digital House\\Bimester_2\\Exercises\\testing_1\\C11 - Integradora Unit Testing\\funcionalidad.js","statementMap":{"0":{"start":{"line":22,"column":18},"end":{"line":22,"column":54}},"1":{"start":{"line":23,"column":14},"end":{"line":23,"column":46}},"2":{"start":{"line":24,"column":13},"end":{"line":24,"column":44}},"3":{"start":{"line":25,"column":14},"end":{"line":25,"column":46}},"4":{"start":{"line":26,"column":23},"end":{"line":26,"column":64}},"5":{"start":{"line":27,"column":17},"end":{"line":27,"column":52}},"6":{"start":{"line":28,"column":14},"end":{"line":28,"column":46}},"7":{"start":{"line":29,"column":12},"end":{"line":29,"column":42}},"8":{"start":{"line":30,"column":12},"end":{"line":30,"column":42}},"9":{"start":{"line":31,"column":13},"end":{"line":31,"column":44}},"10":{"start":{"line":32,"column":15},"end":{"line":32,"column":48}},"11":{"start":{"line":33,"column":14},"end":{"line":33,"column":46}},"12":{"start":{"line":34,"column":13},"end":{"line":34,"column":44}},"13":{"start":{"line":35,"column":14},"end":{"line":35,"column":46}},"14":{"start":{"line":36,"column":13},"end":{"line":36,"column":44}},"15":{"start":{"line":37,"column":14},"end":{"line":37,"column":46}},"16":{"start":{"line":38,"column":13},"end":{"line":38,"column":44}},"17":{"start":{"line":41,"column":2},"end":{"line":43,"column":3}},"18":{"start":{"line":42,"column":6},"end":{"line":42,"column":59}},"19":{"start":{"line":44,"column":2},"end":{"line":46,"column":3}},"20":{"start":{"line":45,"column":6},"end":{"line":45,"column":59}},"21":{"start":{"line":47,"column":2},"end":{"line":49,"column":3}},"22":{"start":{"line":48,"column":6},"end":{"line":48,"column":59}},"23":{"start":{"line":50,"column":2},"end":{"line":52,"column":3}},"24":{"start":{"line":51,"column":6},"end":{"line":51,"column":59}},"25":{"start":{"line":53,"column":2},"end":{"line":55,"column":3}},"26":{"start":{"line":54,"column":6},"end":{"line":54,"column":59}},"27":{"start":{"line":56,"column":2},"end":{"line":58,"column":3}},"28":{"start":{"line":57,"column":6},"end":{"line":57,"column":59}},"29":{"start":{"line":59,"column":2},"end":{"line":61,"column":3}},"30":{"start":{"line":60,"column":6},"end":{"line":60,"column":59}},"31":{"start":{"line":62,"column":2},"end":{"line":64,"column":3}},"32":{"start":{"line":63,"column":6},"end":{"line":63,"column":59}},"33":{"start":{"line":65,"column":2},"end":{"line":67,"column":3}},"34":{"start":{"line":66,"column":6},"end":{"line":66,"column":59}},"35":{"start":{"line":68,"column":2},"end":{"line":70,"column":3}},"36":{"start":{"line":69,"column":6},"end":{"line":69,"column":59}},"37":{"start":{"line":71,"column":2},"end":{"line":73,"column":3}},"38":{"start":{"line":72,"column":6},"end":{"line":72,"column":17}},"39":{"start":{"line":74,"column":2},"end":{"line":78,"column":3}},"40":{"start":{"line":75,"column":6},"end":{"line":75,"column":40}},"41":{"start":{"line":76,"column":6},"end":{"line":76,"column":22}},"42":{"start":{"line":77,"column":6},"end":{"line":77,"column":16}},"43":{"start":{"line":79,"column":2},"end":{"line":83,"column":3}},"44":{"start":{"line":80,"column":6},"end":{"line":80,"column":40}},"45":{"start":{"line":81,"column":6},"end":{"line":81,"column":22}},"46":{"start":{"line":82,"column":6},"end":{"line":82,"column":16}},"47":{"start":{"line":84,"column":2},"end":{"line":88,"column":3}},"48":{"start":{"line":85,"column":6},"end":{"line":85,"column":40}},"49":{"start":{"line":86,"column":6},"end":{"line":86,"column":22}},"50":{"start":{"line":87,"column":6},"end":{"line":87,"column":16}},"51":{"start":{"line":89,"column":2},"end":{"line":93,"column":3}},"52":{"start":{"line":90,"column":6},"end":{"line":90,"column":40}},"53":{"start":{"line":91,"column":6},"end":{"line":91,"column":22}},"54":{"start":{"line":92,"column":6},"end":{"line":92,"column":16}},"55":{"start":{"line":94,"column":2},"end":{"line":97,"column":3}},"56":{"start":{"line":95,"column":6},"end":{"line":95,"column":40}},"57":{"start":{"line":96,"column":6},"end":{"line":96,"column":17}},"58":{"start":{"line":101,"column":0},"end":{"line":103,"column":1}},"59":{"start":{"line":102,"column":4},"end":{"line":102,"column":11}},"60":{"start":{"line":106,"column":2},"end":{"line":106,"column":29}},"61":{"start":{"line":109,"column":0},"end":{"line":111,"column":1}},"62":{"start":{"line":110,"column":4},"end":{"line":110,"column":14}},"63":{"start":{"line":114,"column":2},"end":{"line":114,"column":29}},"64":{"start":{"line":115,"column":2},"end":{"line":115,"column":16}},"65":{"start":{"line":116,"column":2},"end":{"line":116,"column":16}},"66":{"start":{"line":117,"column":2},"end":{"line":117,"column":17}},"67":{"start":{"line":120,"column":0},"end":{"line":122,"column":1}},"68":{"start":{"line":121,"column":4},"end":{"line":121,"column":15}},"69":{"start":{"line":125,"column":12},"end":{"line":125,"column":13}},"70":{"start":{"line":126,"column":2},"end":{"line":139,"column":3}},"71":{"start":{"line":128,"column":6},"end":{"line":128,"column":58}},"72":{"start":{"line":129,"column":6},"end":{"line":129,"column":12}},"73":{"start":{"line":131,"column":8},"end":{"line":131,"column":60}},"74":{"start":{"line":132,"column":8},"end":{"line":132,"column":14}},"75":{"start":{"line":134,"column":6},"end":{"line":134,"column":58}},"76":{"start":{"line":135,"column":6},"end":{"line":135,"column":12}},"77":{"start":{"line":137,"column":6},"end":{"line":137,"column":58}},"78":{"start":{"line":138,"column":6},"end":{"line":138,"column":12}},"79":{"start":{"line":140,"column":2},"end":{"line":140,"column":13}},"80":{"start":{"line":141,"column":2},"end":{"line":141,"column":30}},"81":{"start":{"line":144,"column":0},"end":{"line":146,"column":1}},"82":{"start":{"line":145,"column":4},"end":{"line":145,"column":15}}},"fnMap":{"0":{"name":"init","decl":{"start":{"line":20,"column":9},"end":{"line":20,"column":13}},"loc":{"start":{"line":20,"column":15},"end":{"line":99,"column":1}},"line":20},"1":{"name":"(anonymous_1)","decl":{"start":{"line":41,"column":16},"end":{"line":41,"column":17}},"loc":{"start":{"line":41,"column":27},"end":{"line":43,"column":3}},"line":41},"2":{"name":"(anonymous_2)","decl":{"start":{"line":44,"column":16},"end":{"line":44,"column":17}},"loc":{"start":{"line":44,"column":27},"end":{"line":46,"column":3}},"line":44},"3":{"name":"(anonymous_3)","decl":{"start":{"line":47,"column":17},"end":{"line":47,"column":18}},"loc":{"start":{"line":47,"column":28},"end":{"line":49,"column":3}},"line":47},"4":{"name":"(anonymous_4)","decl":{"start":{"line":50,"column":19},"end":{"line":50,"column":20}},"loc":{"start":{"line":50,"column":30},"end":{"line":52,"column":3}},"line":50},"5":{"name":"(anonymous_5)","decl":{"start":{"line":53,"column":18},"end":{"line":53,"column":19}},"loc":{"start":{"line":53,"column":29},"end":{"line":55,"column":3}},"line":53},"6":{"name":"(anonymous_6)","decl":{"start":{"line":56,"column":17},"end":{"line":56,"column":18}},"loc":{"start":{"line":56,"column":28},"end":{"line":58,"column":3}},"line":56},"7":{"name":"(anonymous_7)","decl":{"start":{"line":59,"column":18},"end":{"line":59,"column":19}},"loc":{"start":{"line":59,"column":29},"end":{"line":61,"column":3}},"line":59},"8":{"name":"(anonymous_8)","decl":{"start":{"line":62,"column":17},"end":{"line":62,"column":18}},"loc":{"start":{"line":62,"column":28},"end":{"line":64,"column":3}},"line":62},"9":{"name":"(anonymous_9)","decl":{"start":{"line":65,"column":18},"end":{"line":65,"column":19}},"loc":{"start":{"line":65,"column":29},"end":{"line":67,"column":3}},"line":65},"10":{"name":"(anonymous_10)","decl":{"start":{"line":68,"column":17},"end":{"line":68,"column":18}},"loc":{"start":{"line":68,"column":28},"end":{"line":70,"column":3}},"line":68},"11":{"name":"(anonymous_11)","decl":{"start":{"line":71,"column":18},"end":{"line":71,"column":19}},"loc":{"start":{"line":71,"column":29},"end":{"line":73,"column":3}},"line":71},"12":{"name":"(anonymous_12)","decl":{"start":{"line":74,"column":17},"end":{"line":74,"column":18}},"loc":{"start":{"line":74,"column":28},"end":{"line":78,"column":3}},"line":74},"13":{"name":"(anonymous_13)","decl":{"start":{"line":79,"column":18},"end":{"line":79,"column":19}},"loc":{"start":{"line":79,"column":29},"end":{"line":83,"column":3}},"line":79},"14":{"name":"(anonymous_14)","decl":{"start":{"line":84,"column":27},"end":{"line":84,"column":28}},"loc":{"start":{"line":84,"column":38},"end":{"line":88,"column":3}},"line":84},"15":{"name":"(anonymous_15)","decl":{"start":{"line":89,"column":21},"end":{"line":89,"column":22}},"loc":{"start":{"line":89,"column":32},"end":{"line":93,"column":3}},"line":89},"16":{"name":"(anonymous_16)","decl":{"start":{"line":94,"column":18},"end":{"line":94,"column":19}},"loc":{"start":{"line":94,"column":29},"end":{"line":97,"column":3}},"line":94},"17":{"name":"(anonymous_17)","decl":{"start":{"line":101,"column":14},"end":{"line":101,"column":15}},"loc":{"start":{"line":101,"column":19},"end":{"line":103,"column":1}},"line":101},"18":{"name":"limpiar","decl":{"start":{"line":105,"column":9},"end":{"line":105,"column":16}},"loc":{"start":{"line":105,"column":18},"end":{"line":107,"column":1}},"line":105},"19":{"name":"(anonymous_19)","decl":{"start":{"line":109,"column":17},"end":{"line":109,"column":18}},"loc":{"start":{"line":109,"column":22},"end":{"line":111,"column":1}},"line":109},"20":{"name":"resetear","decl":{"start":{"line":113,"column":9},"end":{"line":113,"column":17}},"loc":{"start":{"line":113,"column":19},"end":{"line":118,"column":1}},"line":113},"21":{"name":"(anonymous_21)","decl":{"start":{"line":120,"column":18},"end":{"line":120,"column":19}},"loc":{"start":{"line":120,"column":23},"end":{"line":122,"column":1}},"line":120},"22":{"name":"resolver","decl":{"start":{"line":124,"column":9},"end":{"line":124,"column":17}},"loc":{"start":{"line":124,"column":19},"end":{"line":142,"column":1}},"line":124},"23":{"name":"(anonymous_23)","decl":{"start":{"line":144,"column":18},"end":{"line":144,"column":19}},"loc":{"start":{"line":144,"column":23},"end":{"line":146,"column":1}},"line":144}},"branchMap":{"0":{"loc":{"start":{"line":126,"column":2},"end":{"line":139,"column":3}},"type":"switch","locations":[{"start":{"line":127,"column":4},"end":{"line":129,"column":12}},{"start":{"line":130,"column":4},"end":{"line":132,"column":14}},{"start":{"line":133,"column":4},"end":{"line":135,"column":12}},{"start":{"line":136,"column":4},"end":{"line":138,"column":12}}],"line":126}},"s":{"0":19,"1":19,"2":19,"3":19,"4":19,"5":19,"6":19,"7":19,"8":19,"9":19,"10":19,"11":19,"12":19,"13":19,"14":19,"15":19,"16":19,"17":19,"18":1,"19":19,"20":1,"21":19,"22":1,"23":19,"24":5,"25":19,"26":1,"27":19,"28":1,"29":19,"30":1,"31":19,"32":7,"33":19,"34":7,"35":19,"36":1,"37":19,"38":1,"39":19,"40":4,"41":4,"42":4,"43":19,"44":1,"45":1,"46":1,"47":19,"48":1,"49":1,"50":1,"51":19,"52":1,"53":1,"54":1,"55":19,"56":7,"57":7,"58":1,"59":19,"60":24,"61":1,"62":17,"63":14,"64":14,"65":14,"66":14,"67":1,"68":4,"69":9,"70":9,"71":4,"72":4,"73":1,"74":1,"75":1,"76":1,"77":1,"78":1,"79":9,"80":9,"81":1,"82":2},"f":{"0":19,"1":1,"2":1,"3":1,"4":5,"5":1,"6":1,"7":1,"8":7,"9":7,"10":1,"11":1,"12":4,"13":1,"14":1,"15":1,"16":7,"17":19,"18":24,"19":17,"20":14,"21":4,"22":9,"23":2},"b":{"0":[4,1,1,1]},"_coverageSchema":"1a1c01bbd47fc00a2c39e90264f33305004495a9","hash":"0ec5a0c7488b46fe9378e5f6357ff7ddefb19241"}
}
