TN:
SF:funcionalidad.js
FN:20,init
FN:41,(anonymous_1)
FN:44,(anonymous_2)
FN:47,(anonymous_3)
FN:50,(anonymous_4)
FN:53,(anonymous_5)
FN:56,(anonymous_6)
FN:59,(anonymous_7)
FN:62,(anonymous_8)
FN:65,(anonymous_9)
FN:68,(anonymous_10)
FN:71,(anonymous_11)
FN:74,(anonymous_12)
FN:79,(anonymous_13)
FN:84,(anonymous_14)
FN:89,(anonymous_15)
FN:94,(anonymous_16)
FN:101,(anonymous_17)
FN:105,limpiar
FN:109,(anonymous_19)
FN:113,resetear
FN:120,(anonymous_21)
FN:124,resolver
FN:144,(anonymous_23)
FNF:24
FNH:24
FNDA:19,init
FNDA:1,(anonymous_1)
FNDA:1,(anonymous_2)
FNDA:1,(anonymous_3)
FNDA:5,(anonymous_4)
FNDA:1,(anonymous_5)
FNDA:1,(anonymous_6)
FNDA:1,(anonymous_7)
FNDA:7,(anonymous_8)
FNDA:7,(anonymous_9)
FNDA:1,(anonymous_10)
FNDA:1,(anonymous_11)
FNDA:4,(anonymous_12)
FNDA:1,(anonymous_13)
FNDA:1,(anonymous_14)
FNDA:1,(anonymous_15)
FNDA:7,(anonymous_16)
FNDA:19,(anonymous_17)
FNDA:24,limpiar
FNDA:17,(anonymous_19)
FNDA:14,resetear
FNDA:4,(anonymous_21)
FNDA:9,resolver
FNDA:2,(anonymous_23)
DA:22,19
DA:23,19
DA:24,19
DA:25,19
DA:26,19
DA:27,19
DA:28,19
DA:29,19
DA:30,19
DA:31,19
DA:32,19
DA:33,19
DA:34,19
DA:35,19
DA:36,19
DA:37,19
DA:38,19
DA:41,19
DA:42,1
DA:44,19
DA:45,1
DA:47,19
DA:48,1
DA:50,19
DA:51,5
DA:53,19
DA:54,1
DA:56,19
DA:57,1
DA:59,19
DA:60,1
DA:62,19
DA:63,7
DA:65,19
DA:66,7
DA:68,19
DA:69,1
DA:71,19
DA:72,1
DA:74,19
DA:75,4
DA:76,4
DA:77,4
DA:79,19
DA:80,1
DA:81,1
DA:82,1
DA:84,19
DA:85,1
DA:86,1
DA:87,1
DA:89,19
DA:90,1
DA:91,1
DA:92,1
DA:94,19
DA:95,7
DA:96,7
DA:101,1
DA:102,19
DA:106,24
DA:109,1
DA:110,17
DA:114,14
DA:115,14
DA:116,14
DA:117,14
DA:120,1
DA:121,4
DA:125,9
DA:126,9
DA:128,4
DA:129,4
DA:131,1
DA:132,1
DA:134,1
DA:135,1
DA:137,1
DA:138,1
DA:140,9
DA:141,9
DA:144,1
DA:145,2
LF:83
LH:83
BRDA:126,0,0,4
BRDA:126,0,1,1
BRDA:126,0,2,1
BRDA:126,0,3,1
BRF:4
BRH:4
end_of_record
